


ARM Macro Assembler    Page 1 


    1 00000000                 PRESERVE8
    2 00000000                 THUMB
    3 00000000                 EXPORT           DFT_ModuleAuCarre
    4 00000000         
    5 00000000         ; ====================== zone de réservation de données,
                         ======================================
    6 00000000         ;Section RAM (read only) :
    7 00000000                 area             mesdata,data,readonly
    8 00000000         
    9 00000000         
   10 00000000         ;Section RAM (read write):
   11 00000000                 area             maram,data,readwrite
   12 00000000         
   13 00000000         
   14 00000000         ; ======================================================
                       =========================================
   15 00000000         
   16 00000000         
   17 00000000         
   18 00000000         
   19 00000000         ;Section ROM code (read only) :  
   20 00000000                 area             moncode,code,readonly
   21 00000000         ; écrire le code ici  
   22 00000000         DFT_ModuleAuCarre
                               proc
   23 00000000 E92D 0FF0       PUSH             {R4-R11}
   24 00000004 4A14            LDR              R2,=TabCos
   25 00000006 F8DF A054       LDR              R10,=TabSin
   26 0000000A F04F 0700       MOV              R7,#0
   27 0000000E F04F 0B00       MOV              R11,#0
   28 00000012 F04F 0400       mov              R4,#0
   29 00000016         Boucle
   30 00000016         ; if (Index<64)
   31 00000016 2C40            CMP              R4,#64
   32 00000018 D213            BHS              finsi
   33 0000001A         
   34 0000001A         ;inferieur
   35 0000001A         ; R6 = n
   36 0000001A 4626            MOV              R6,R4
   37 0000001C         ; k*n%64
   38 0000001C FB06 F601       MUL              R6,R1
   39 00000020 F006 063F       AND              R6,#0x3F    ; modulo
   40 00000024         ; Recup Valeur Tab Sgnal
   41 00000024 F930 8014       LDRSH            R8,[R0,R4,LSL #1]
   42 00000028         ; Recup Valeur TabCos
   43 00000028 F932 5016       LDRSH            R5,[R2,R6,LSL #1]
   44 0000002C         ; Recup Vleur TabSin
   45 0000002C F93A 9016       LDRSH            R9,[R10,R6,LSL #1]
   46 00000030         ; Multiplication
   47 00000030 FB05 F508       MUL              R5,R8       ;Re
   48 00000034 FB09 F908       MUL              R9,R8       ;Im
   49 00000038         ; Somme et store
   50 00000038 44CB            ADD              R11,R9      ;Im
   51 0000003A 442F            ADD              R7,R5       ;Re
   52 0000003C         ; pour la boucle
   53 0000003C         ;Index++
   54 0000003C F104 0401       ADD              R4,#1
   55 00000040 E7E9            B                Boucle
   56 00000042         ;superieur



ARM Macro Assembler    Page 2 


   57 00000042         finsi
   58 00000042         ; mise au carre
   59 00000042 F04F 0000       MOV              R0,#0
   60 00000046 F04F 0100       MOV              R1,#0
   61 0000004A FB87 1007       SMULL            R1,R0,R7,R7
   62 0000004E         ; Somme de Im et Re au carre
   63 0000004E         ;ADD R0,R11
   64 0000004E         
   65 0000004E FBCB 100B       SMLAL            R1,R0,R11,R11
   66 00000052         
   67 00000052         
   68 00000052         
   69 00000052 E8BD 0FF0       POP              {R4-R11}
   70 00000056 4770            bx               lr
   71 00000058                 endp
   72 00000058         
   73 00000058         
   74 00000058         ;Section ROM code (read only) :  
   75 00000058 00000000 
              00000000         AREA             Trigo, DATA, READONLY
   76 00000000         ; codage fractionnaire 1.15
   77 00000000         
   78 00000000         TabCos
   79 00000000 FF 7F           DCW              32767       ;  0 0x7fff  0.9999
                                                            7
   80 00000002 62 7F           DCW              32610       ;  1 0x7f62  0.9951
                                                            8
   81 00000004 8A 7D           DCW              32138       ;  2 0x7d8a  0.9807
                                                            7
   82 00000006 7D 7A           DCW              31357       ;  3 0x7a7d  0.9569
                                                            4
   83 00000008 42 76           DCW              30274       ;  4 0x7642  0.9238
                                                            9
   84 0000000A E3 70           DCW              28899       ;  5 0x70e3  0.8819
                                                            3
   85 0000000C 6E 6A           DCW              27246       ;  6 0x6a6e  0.8314
                                                            8
   86 0000000E F2 62           DCW              25330       ;  7 0x62f2  0.7730
                                                            1
   87 00000010 82 5A           DCW              23170       ;  8 0x5a82  0.7070
                                                            9
   88 00000012 34 51           DCW              20788       ;  9 0x5134  0.6344
                                                            0
   89 00000014 1D 47           DCW              18205       ; 10 0x471d  0.5555
                                                            7
   90 00000016 57 3C           DCW              15447       ; 11 0x3c57  0.4714
                                                            1
   91 00000018 FC 30           DCW              12540       ; 12 0x30fc  0.3826
                                                            9
   92 0000001A 28 25           DCW              9512        ; 13 0x2528  0.2902
                                                            8
   93 0000001C F9 18           DCW              6393        ; 14 0x18f9  0.1951
                                                            0
   94 0000001E 8C 0C           DCW              3212        ; 15 0x0c8c  0.0980
                                                            2
   95 00000020 00 00           DCW              0           ; 16 0x0000  0.0000
                                                            0
   96 00000022 74 F3           DCW              -3212       ; 17 0xf374 -0.0980
                                                            2



ARM Macro Assembler    Page 3 


   97 00000024 07 E7           DCW              -6393       ; 18 0xe707 -0.1951
                                                            0
   98 00000026 D8 DA           DCW              -9512       ; 19 0xdad8 -0.2902
                                                            8
   99 00000028 04 CF           DCW              -12540      ; 20 0xcf04 -0.3826
                                                            9
  100 0000002A A9 C3           DCW              -15447      ; 21 0xc3a9 -0.4714
                                                            1
  101 0000002C E3 B8           DCW              -18205      ; 22 0xb8e3 -0.5555
                                                            7
  102 0000002E CC AE           DCW              -20788      ; 23 0xaecc -0.6344
                                                            0
  103 00000030 7E A5           DCW              -23170      ; 24 0xa57e -0.7070
                                                            9
  104 00000032 0E 9D           DCW              -25330      ; 25 0x9d0e -0.7730
                                                            1
  105 00000034 92 95           DCW              -27246      ; 26 0x9592 -0.8314
                                                            8
  106 00000036 1D 8F           DCW              -28899      ; 27 0x8f1d -0.8819
                                                            3
  107 00000038 BE 89           DCW              -30274      ; 28 0x89be -0.9238
                                                            9
  108 0000003A 83 85           DCW              -31357      ; 29 0x8583 -0.9569
                                                            4
  109 0000003C 76 82           DCW              -32138      ; 30 0x8276 -0.9807
                                                            7
  110 0000003E 9E 80           DCW              -32610      ; 31 0x809e -0.9951
                                                            8
  111 00000040 00 80           DCW              -32768      ; 32 0x8000 -1.0000
                                                            0
  112 00000042 9E 80           DCW              -32610      ; 33 0x809e -0.9951
                                                            8
  113 00000044 76 82           DCW              -32138      ; 34 0x8276 -0.9807
                                                            7
  114 00000046 83 85           DCW              -31357      ; 35 0x8583 -0.9569
                                                            4
  115 00000048 BE 89           DCW              -30274      ; 36 0x89be -0.9238
                                                            9
  116 0000004A 1D 8F           DCW              -28899      ; 37 0x8f1d -0.8819
                                                            3
  117 0000004C 92 95           DCW              -27246      ; 38 0x9592 -0.8314
                                                            8
  118 0000004E 0E 9D           DCW              -25330      ; 39 0x9d0e -0.7730
                                                            1
  119 00000050 7E A5           DCW              -23170      ; 40 0xa57e -0.7070
                                                            9
  120 00000052 CC AE           DCW              -20788      ; 41 0xaecc -0.6344
                                                            0
  121 00000054 E3 B8           DCW              -18205      ; 42 0xb8e3 -0.5555
                                                            7
  122 00000056 A9 C3           DCW              -15447      ; 43 0xc3a9 -0.4714
                                                            1
  123 00000058 04 CF           DCW              -12540      ; 44 0xcf04 -0.3826
                                                            9
  124 0000005A D8 DA           DCW              -9512       ; 45 0xdad8 -0.2902
                                                            8
  125 0000005C 07 E7           DCW              -6393       ; 46 0xe707 -0.1951
                                                            0
  126 0000005E 74 F3           DCW              -3212       ; 47 0xf374 -0.0980



ARM Macro Assembler    Page 4 


                                                            2
  127 00000060 00 00           DCW              0           ; 48 0x0000  0.0000
                                                            0
  128 00000062 8C 0C           DCW              3212        ; 49 0x0c8c  0.0980
                                                            2
  129 00000064 F9 18           DCW              6393        ; 50 0x18f9  0.1951
                                                            0
  130 00000066 28 25           DCW              9512        ; 51 0x2528  0.2902
                                                            8
  131 00000068 FC 30           DCW              12540       ; 52 0x30fc  0.3826
                                                            9
  132 0000006A 57 3C           DCW              15447       ; 53 0x3c57  0.4714
                                                            1
  133 0000006C 1D 47           DCW              18205       ; 54 0x471d  0.5555
                                                            7
  134 0000006E 34 51           DCW              20788       ; 55 0x5134  0.6344
                                                            0
  135 00000070 82 5A           DCW              23170       ; 56 0x5a82  0.7070
                                                            9
  136 00000072 F2 62           DCW              25330       ; 57 0x62f2  0.7730
                                                            1
  137 00000074 6E 6A           DCW              27246       ; 58 0x6a6e  0.8314
                                                            8
  138 00000076 E3 70           DCW              28899       ; 59 0x70e3  0.8819
                                                            3
  139 00000078 42 76           DCW              30274       ; 60 0x7642  0.9238
                                                            9
  140 0000007A 7D 7A           DCW              31357       ; 61 0x7a7d  0.9569
                                                            4
  141 0000007C 8A 7D           DCW              32138       ; 62 0x7d8a  0.9807
                                                            7
  142 0000007E 62 7F           DCW              32610       ; 63 0x7f62  0.9951
                                                            8
  143 00000080         TabSin
  144 00000080 00 00           DCW              0           ;  0 0x0000  0.0000
                                                            0
  145 00000082 8C 0C           DCW              3212        ;  1 0x0c8c  0.0980
                                                            2
  146 00000084 F9 18           DCW              6393        ;  2 0x18f9  0.1951
                                                            0
  147 00000086 28 25           DCW              9512        ;  3 0x2528  0.2902
                                                            8
  148 00000088 FC 30           DCW              12540       ;  4 0x30fc  0.3826
                                                            9
  149 0000008A 57 3C           DCW              15447       ;  5 0x3c57  0.4714
                                                            1
  150 0000008C 1D 47           DCW              18205       ;  6 0x471d  0.5555
                                                            7
  151 0000008E 34 51           DCW              20788       ;  7 0x5134  0.6344
                                                            0
  152 00000090 82 5A           DCW              23170       ;  8 0x5a82  0.7070
                                                            9
  153 00000092 F2 62           DCW              25330       ;  9 0x62f2  0.7730
                                                            1
  154 00000094 6E 6A           DCW              27246       ; 10 0x6a6e  0.8314
                                                            8
  155 00000096 E3 70           DCW              28899       ; 11 0x70e3  0.8819
                                                            3
  156 00000098 42 76           DCW              30274       ; 12 0x7642  0.9238



ARM Macro Assembler    Page 5 


                                                            9
  157 0000009A 7D 7A           DCW              31357       ; 13 0x7a7d  0.9569
                                                            4
  158 0000009C 8A 7D           DCW              32138       ; 14 0x7d8a  0.9807
                                                            7
  159 0000009E 62 7F           DCW              32610       ; 15 0x7f62  0.9951
                                                            8
  160 000000A0 FF 7F           DCW              32767       ; 16 0x7fff  0.9999
                                                            7
  161 000000A2 62 7F           DCW              32610       ; 17 0x7f62  0.9951
                                                            8
  162 000000A4 8A 7D           DCW              32138       ; 18 0x7d8a  0.9807
                                                            7
  163 000000A6 7D 7A           DCW              31357       ; 19 0x7a7d  0.9569
                                                            4
  164 000000A8 42 76           DCW              30274       ; 20 0x7642  0.9238
                                                            9
  165 000000AA E3 70           DCW              28899       ; 21 0x70e3  0.8819
                                                            3
  166 000000AC 6E 6A           DCW              27246       ; 22 0x6a6e  0.8314
                                                            8
  167 000000AE F2 62           DCW              25330       ; 23 0x62f2  0.7730
                                                            1
  168 000000B0 82 5A           DCW              23170       ; 24 0x5a82  0.7070
                                                            9
  169 000000B2 34 51           DCW              20788       ; 25 0x5134  0.6344
                                                            0
  170 000000B4 1D 47           DCW              18205       ; 26 0x471d  0.5555
                                                            7
  171 000000B6 57 3C           DCW              15447       ; 27 0x3c57  0.4714
                                                            1
  172 000000B8 FC 30           DCW              12540       ; 28 0x30fc  0.3826
                                                            9
  173 000000BA 28 25           DCW              9512        ; 29 0x2528  0.2902
                                                            8
  174 000000BC F9 18           DCW              6393        ; 30 0x18f9  0.1951
                                                            0
  175 000000BE 8C 0C           DCW              3212        ; 31 0x0c8c  0.0980
                                                            2
  176 000000C0 00 00           DCW              0           ; 32 0x0000  0.0000
                                                            0
  177 000000C2 74 F3           DCW              -3212       ; 33 0xf374 -0.0980
                                                            2
  178 000000C4 07 E7           DCW              -6393       ; 34 0xe707 -0.1951
                                                            0
  179 000000C6 D8 DA           DCW              -9512       ; 35 0xdad8 -0.2902
                                                            8
  180 000000C8 04 CF           DCW              -12540      ; 36 0xcf04 -0.3826
                                                            9
  181 000000CA A9 C3           DCW              -15447      ; 37 0xc3a9 -0.4714
                                                            1
  182 000000CC E3 B8           DCW              -18205      ; 38 0xb8e3 -0.5555
                                                            7
  183 000000CE CC AE           DCW              -20788      ; 39 0xaecc -0.6344
                                                            0
  184 000000D0 7E A5           DCW              -23170      ; 40 0xa57e -0.7070
                                                            9
  185 000000D2 0E 9D           DCW              -25330      ; 41 0x9d0e -0.7730
                                                            1



ARM Macro Assembler    Page 6 


  186 000000D4 92 95           DCW              -27246      ; 42 0x9592 -0.8314
                                                            8
  187 000000D6 1D 8F           DCW              -28899      ; 43 0x8f1d -0.8819
                                                            3
  188 000000D8 BE 89           DCW              -30274      ; 44 0x89be -0.9238
                                                            9
  189 000000DA 83 85           DCW              -31357      ; 45 0x8583 -0.9569
                                                            4
  190 000000DC 76 82           DCW              -32138      ; 46 0x8276 -0.9807
                                                            7
  191 000000DE 9E 80           DCW              -32610      ; 47 0x809e -0.9951
                                                            8
  192 000000E0 00 80           DCW              -32768      ; 48 0x8000 -1.0000
                                                            0
  193 000000E2 9E 80           DCW              -32610      ; 49 0x809e -0.9951
                                                            8
  194 000000E4 76 82           DCW              -32138      ; 50 0x8276 -0.9807
                                                            7
  195 000000E6 83 85           DCW              -31357      ; 51 0x8583 -0.9569
                                                            4
  196 000000E8 BE 89           DCW              -30274      ; 52 0x89be -0.9238
                                                            9
  197 000000EA 1D 8F           DCW              -28899      ; 53 0x8f1d -0.8819
                                                            3
  198 000000EC 92 95           DCW              -27246      ; 54 0x9592 -0.8314
                                                            8
  199 000000EE 0E 9D           DCW              -25330      ; 55 0x9d0e -0.7730
                                                            1
  200 000000F0 7E A5           DCW              -23170      ; 56 0xa57e -0.7070
                                                            9
  201 000000F2 CC AE           DCW              -20788      ; 57 0xaecc -0.6344
                                                            0
  202 000000F4 E3 B8           DCW              -18205      ; 58 0xb8e3 -0.5555
                                                            7
  203 000000F6 A9 C3           DCW              -15447      ; 59 0xc3a9 -0.4714
                                                            1
  204 000000F8 04 CF           DCW              -12540      ; 60 0xcf04 -0.3826
                                                            9
  205 000000FA D8 DA           DCW              -9512       ; 61 0xdad8 -0.2902
                                                            8
  206 000000FC 07 E7           DCW              -6393       ; 62 0xe707 -0.1951
                                                            0
  207 000000FE 74 F3           DCW              -3212       ; 63 0xf374 -0.0980
                                                            2
  208 00000100         
  209 00000100         
  210 00000100                 END
Command Line: --debug --xref --diag_suppress=9931 --cpu=Cortex-M3 --apcs=interw
ork --depend=.\obj\dft.d -o.\obj\dft.o -I.\RTE\_Simu -IC:\Programdata\Keil\Arm\
Packs\ARM\CMSIS\5.7.0\CMSIS\Core\Include -IC:\Programdata\Keil\Arm\Packs\Keil\S
TM32F1xx_DFP\2.3.0\Device\Include --predefine="__EVAL SETA 1" --predefine="__MI
CROLIB SETA 1" --predefine="__UVISION_VERSION SETA 530" --predefine="_RTE_ SETA
 1" --predefine="STM32F10X_MD SETA 1" --predefine="_RTE_ SETA 1" --list=dft.lst
 Src\DFT.s



ARM Macro Assembler    Page 1 Alphabetic symbol ordering
Relocatable symbols

mesdata 00000000

Symbol: mesdata
   Definitions
      At line 7 in file Src\DFT.s
   Uses
      None
Comment: mesdata unused
1 symbol



ARM Macro Assembler    Page 1 Alphabetic symbol ordering
Relocatable symbols

maram 00000000

Symbol: maram
   Definitions
      At line 11 in file Src\DFT.s
   Uses
      None
Comment: maram unused
1 symbol



ARM Macro Assembler    Page 1 Alphabetic symbol ordering
Relocatable symbols

Boucle 00000016

Symbol: Boucle
   Definitions
      At line 29 in file Src\DFT.s
   Uses
      At line 55 in file Src\DFT.s
Comment: Boucle used once
DFT_ModuleAuCarre 00000000

Symbol: DFT_ModuleAuCarre
   Definitions
      At line 22 in file Src\DFT.s
   Uses
      At line 3 in file Src\DFT.s
Comment: DFT_ModuleAuCarre used once
finsi 00000042

Symbol: finsi
   Definitions
      At line 57 in file Src\DFT.s
   Uses
      At line 32 in file Src\DFT.s
Comment: finsi used once
moncode 00000000

Symbol: moncode
   Definitions
      At line 20 in file Src\DFT.s
   Uses
      None
Comment: moncode unused
4 symbols



ARM Macro Assembler    Page 1 Alphabetic symbol ordering
Relocatable symbols

TabCos 00000000

Symbol: TabCos
   Definitions
      At line 78 in file Src\DFT.s
   Uses
      At line 24 in file Src\DFT.s
Comment: TabCos used once
TabSin 00000080

Symbol: TabSin
   Definitions
      At line 143 in file Src\DFT.s
   Uses
      At line 25 in file Src\DFT.s
Comment: TabSin used once
Trigo 00000000

Symbol: Trigo
   Definitions
      At line 75 in file Src\DFT.s
   Uses
      None
Comment: Trigo unused
3 symbols
346 symbols in table
